<!DOCTYPE suite SYSTEM "http://testng.org/testng-1.0.dtd">

<suite name="devIntegrationSuite">
    <test name="devTests">
        <groups>
            <run>
                <include name="unit" />
                <include name="dev-integration" />
            </run>
        </groups>
        <packages>
            <package name=".*" />
        </packages>
    </test>
</suite>